<?xml version="1.0" encoding="UTF-8"?>
<!-- Generated by org.testng.reporters.JUnitReportReporter -->
<testsuite hostname="DESKTOP-990HG4S" failures="0" tests="2" name="com.herokuapp.theinternet.NegativeTests" time="13.477" errors="0" timestamp="2019-09-05T01:02:43 PDT" skipped="0">
  <testcase classname="com.herokuapp.theinternet.NegativeTests" name="IncorectLoginTest" time="7.138"/>
  <testcase classname="com.herokuapp.theinternet.NegativeTests" name="IncorectLoginTest" time="6.339"/>
</testsuite> <!-- com.herokuapp.theinternet.NegativeTests -->
