<?xml version="1.0" encoding="UTF-8"?>
<!-- Generated by org.testng.reporters.JUnitReportReporter -->
<testsuite hostname="DESKTOP-990HG4S" failures="0" tests="1" name="com.herokuapp.theinternet.PositiveTests" time="9.582" errors="0" timestamp="2019-09-04T22:27:25 PDT" skipped="0">
  <testcase classname="com.herokuapp.theinternet.PositiveTests" name="LoginTest" time="9.582"/>
</testsuite> <!-- com.herokuapp.theinternet.PositiveTests -->
