<?xml version="1.0" encoding="UTF-8"?>
<!-- Generated by org.testng.reporters.JUnitReportReporter -->
<testsuite hostname="DESKTOP-990HG4S" failures="0" tests="2" name="com.herokuapp.theinternet.NegativeTests" time="14.388" errors="0" timestamp="2019-09-03T23:43:18 PDT" skipped="0">
  <testcase classname="com.herokuapp.theinternet.NegativeTests" name="IncorectLoginTest" time="7.167"/>
  <testcase classname="com.herokuapp.theinternet.NegativeTests" name="IncorectPAsswLoginTest" time="7.221"/>
</testsuite> <!-- com.herokuapp.theinternet.NegativeTests -->
